<?xml version="1.0" encoding="UTF-8" ?>
<testsuite failures="0" time="0" errors="0" skipped="0" tests="1" name="architecture.ee.test.TestAdminService">
  <properties>
    <property name="java.runtime.name" value="Java(TM) SE Runtime Environment"/>
    <property name="sun.boot.library.path" value="C:\Program Files\Java\jdk1.6.0_25\jre\bin"/>
    <property name="java.vm.version" value="20.0-b11"/>
    <property name="java.vm.vendor" value="Sun Microsystems Inc."/>
    <property name="java.vendor.url" value="http://java.sun.com/"/>
    <property name="path.separator" value=";"/>
    <property name="java.vm.name" value="Java HotSpot(TM) 64-Bit Server VM"/>
    <property name="file.encoding.pkg" value="sun.io"/>
    <property name="user.country" value="KR"/>
    <property name="sun.java.launcher" value="SUN_STANDARD"/>
    <property name="sun.os.patch.level" value="Service Pack 1"/>
    <property name="java.vm.specification.name" value="Java Virtual Machine Specification"/>
    <property name="user.dir" value="C:\TOOLS\workspace\architecture_v2\architecture-ee"/>
    <property name="java.runtime.version" value="1.6.0_25-b06"/>
    <property name="java.awt.graphicsenv" value="sun.awt.Win32GraphicsEnvironment"/>
    <property name="basedir" value="C:\TOOLS\workspace\architecture_v2\architecture-ee"/>
    <property name="java.endorsed.dirs" value="C:\Program Files\Java\jdk1.6.0_25\jre\lib\endorsed"/>
    <property name="os.arch" value="amd64"/>
    <property name="surefire.real.class.path" value="C:\Users\DONGHY~1\AppData\Local\Temp\surefirebooter7560736478641112965.jar"/>
    <property name="java.io.tmpdir" value="C:\Users\DONGHY~1\AppData\Local\Temp\"/>
    <property name="line.separator" value="
"/>
    <property name="java.vm.specification.vendor" value="Sun Microsystems Inc."/>
    <property name="user.variant" value=""/>
    <property name="os.name" value="Windows 7"/>
    <property name="sun.jnu.encoding" value="MS949"/>
    <property name="java.library.path" value="C:\Program Files\Java\jdk1.6.0_25\jre\bin;.;C:\windows\Sun\Java\bin;C:\windows\system32;C:\windows;C:\tools\oracle\product\11.2.0\client_1\bin;C:\Program Files\Common Files\Microsoft Shared\Windows Live;C:\windows\system32;C:\windows;C:\windows\System32\Wbem;C:\windows\System32\WindowsPowerShell\v1.0\;C:\Program Files (x86)\Common Files\Roxio Shared\DLLShared\;C:\Program Files\WIDCOMM\Bluetooth Software\;C:\Program Files\WIDCOMM\Bluetooth Software\syswow64;C:\Program Files (x86)\ATI Technologies\ATI.ACE\Core-Static;C:\Program Files (x86)\Common Files\Roxio Shared\OEM\DLLShared\;C:\Program Files (x86)\Common Files\Roxio Shared\OEM\DLLShared\;C:\Program Files (x86)\Common Files\Roxio Shared\OEM\12.0\DLLShared\;C:\Program Files (x86)\Roxio\OEM\AudioCore\;C:\Program Files\Broadcom\Broadcom 802.11;C:\Program Files (x86)\Intel\Services\IPT\;C:\Program Files (x86)\Kaspersky Lab\Kaspersky Anti-Virus 6.0 for Windows Workstations MP4\;C:\Program Files\TortoiseSVN\bin;C:\Program Files (x86)\QuickTime\QTSystem\;C:\TOOLS\maven\bin;C:\TOOLS\jad;C:\Program Files (x86)\IDM Computer Solutions\UltraEdit\"/>
    <property name="surefire.test.class.path" value="C:\TOOLS\workspace\architecture_v2\architecture-ee\target\test-classes;C:\TOOLS\workspace\architecture_v2\architecture-ee\target\classes;C:\TOOLS\workspace\architecture_v2\architecture-common\target\architecture-common-1.0.0.RELEASE.jar;C:\Users\donghyuck\.m2\repository\javolution\javolution\5.5.1\javolution-5.5.1.jar;C:\Users\donghyuck\.m2\repository\commons-vfs\commons-vfs\1.0\commons-vfs-1.0.jar;C:\Users\donghyuck\.m2\repository\org\apache\commons\commons-math\2.2\commons-math-2.2.jar;C:\Users\donghyuck\.m2\repository\javax\servlet\servlet-api\2.5\servlet-api-2.5.jar;C:\Users\donghyuck\.m2\repository\javax\servlet\jsp\jsp-api\2.0\jsp-api-2.0.jar;C:\Users\donghyuck\.m2\repository\aopalliance\aopalliance\1.0\aopalliance-1.0.jar;C:\Users\donghyuck\.m2\repository\com\google\collections\google-collections\1.0\google-collections-1.0.jar;C:\Users\donghyuck\.m2\repository\dom4j\dom4j\1.6.1\dom4j-1.6.1.jar;C:\Users\donghyuck\.m2\repository\xml-apis\xml-apis\1.0.b2\xml-apis-1.0.b2.jar;C:\Users\donghyuck\.m2\repository\commons-io\commons-io\2.0.1\commons-io-2.0.1.jar;C:\Users\donghyuck\.m2\repository\net\sf\jpf\jpf\1.5\jpf-1.5.jar;C:\Users\donghyuck\.m2\repository\net\sf\ehcache\ehcache-core\2.4.2\ehcache-core-2.4.2.jar;C:\Users\donghyuck\.m2\repository\net\sf\ehcache\ehcache-terracotta\2.4.2\ehcache-terracotta-2.4.2.jar;C:\Users\donghyuck\.m2\repository\commons-collections\commons-collections\3.2.1\commons-collections-3.2.1.jar;C:\Users\donghyuck\.m2\repository\org\springframework\spring-jdbc\3.0.5.RELEASE\spring-jdbc-3.0.5.RELEASE.jar;C:\Users\donghyuck\.m2\repository\org\springframework\spring-beans\3.0.5.RELEASE\spring-beans-3.0.5.RELEASE.jar;C:\Users\donghyuck\.m2\repository\org\springframework\spring-core\3.0.5.RELEASE\spring-core-3.0.5.RELEASE.jar;C:\Users\donghyuck\.m2\repository\org\springframework\spring-tx\3.0.5.RELEASE\spring-tx-3.0.5.RELEASE.jar;C:\Users\donghyuck\.m2\repository\org\springframework\spring-web\3.0.5.RELEASE\spring-web-3.0.5.RELEASE.jar;C:\Users\donghyuck\.m2\repository\org\springframework\spring-context\3.0.5.RELEASE\spring-context-3.0.5.RELEASE.jar;C:\Users\donghyuck\.m2\repository\org\springframework\spring-webmvc\3.0.5.RELEASE\spring-webmvc-3.0.5.RELEASE.jar;C:\Users\donghyuck\.m2\repository\org\springframework\spring-asm\3.0.5.RELEASE\spring-asm-3.0.5.RELEASE.jar;C:\Users\donghyuck\.m2\repository\org\springframework\spring-context-support\3.0.5.RELEASE\spring-context-support-3.0.5.RELEASE.jar;C:\Users\donghyuck\.m2\repository\org\springframework\spring-expression\3.0.5.RELEASE\spring-expression-3.0.5.RELEASE.jar;C:\Users\donghyuck\.m2\repository\commons-primitives\commons-primitives\1.0\commons-primitives-1.0.jar;C:\Users\donghyuck\.m2\repository\log4j\log4j\1.2.14\log4j-1.2.14.jar;C:\Users\donghyuck\.m2\repository\junit\junit\4.8.2\junit-4.8.2.jar;C:\Users\donghyuck\.m2\repository\org\springframework\spring-mock\1.2.6\spring-mock-1.2.6.jar;C:\Users\donghyuck\.m2\repository\org\quartz-scheduler\quartz\2.0.1\quartz-2.0.1.jar;C:\Users\donghyuck\.m2\repository\javax\transaction\jta\1.1\jta-1.1.jar;C:\Users\donghyuck\.m2\repository\c3p0\c3p0\0.9.1.1\c3p0-0.9.1.1.jar;C:\Users\donghyuck\.m2\repository\org\slf4j\slf4j-api\1.6.1\slf4j-api-1.6.1.jar;C:\Users\donghyuck\.m2\repository\org\apache\poi\poi\3.8-beta2\poi-3.8-beta2.jar;C:\Users\donghyuck\.m2\repository\commons-dbcp\commons-dbcp\1.4\commons-dbcp-1.4.jar;C:\Users\donghyuck\.m2\repository\commons-pool\commons-pool\1.5.4\commons-pool-1.5.4.jar;C:\Users\donghyuck\.m2\repository\com\oracle\ojdbc5\11.1.0\ojdbc5-11.1.0.jar;C:\Users\donghyuck\.m2\repository\org\freemarker\freemarker\2.3.18\freemarker-2.3.18.jar;C:\Users\donghyuck\.m2\repository\org\springframework\security\spring-security-core\3.0.5.RELEASE\spring-security-core-3.0.5.RELEASE.jar;C:\Users\donghyuck\.m2\repository\org\springframework\spring-aop\3.0.3.RELEASE\spring-aop-3.0.3.RELEASE.jar;C:\Users\donghyuck\.m2\repository\org\aspectj\aspectjrt\1.6.8\aspectjrt-1.6.8.jar;C:\Users\donghyuck\.m2\repository\org\aspectj\aspectjweaver\1.6.8\aspectjweaver-1.6.8.jar;C:\Users\donghyuck\.m2\repository\org\springframework\security\spring-security-config\3.0.5.RELEASE\spring-security-config-3.0.5.RELEASE.jar;C:\Users\donghyuck\.m2\repository\org\springframework\security\spring-security-web\3.0.5.RELEASE\spring-security-web-3.0.5.RELEASE.jar;C:\Users\donghyuck\.m2\repository\org\springframework\security\spring-security-acl\3.0.5.RELEASE\spring-security-acl-3.0.5.RELEASE.jar;C:\Users\donghyuck\.m2\repository\commons-logging\commons-logging\1.1.1\commons-logging-1.1.1.jar;C:\Users\donghyuck\.m2\repository\commons-lang\commons-lang\2.5\commons-lang-2.5.jar;"/>
    <property name="java.specification.name" value="Java Platform API Specification"/>
    <property name="java.class.version" value="50.0"/>
    <property name="sun.management.compiler" value="HotSpot 64-Bit Tiered Compilers"/>
    <property name="os.version" value="6.1"/>
    <property name="user.home" value="C:\Users\donghyuck"/>
    <property name="user.timezone" value="Asia/Seoul"/>
    <property name="java.awt.printerjob" value="sun.awt.windows.WPrinterJob"/>
    <property name="java.specification.version" value="1.6"/>
    <property name="file.encoding" value="MS949"/>
    <property name="user.name" value="donghyuck"/>
    <property name="java.class.path" value="C:\TOOLS\workspace\architecture_v2\architecture-ee\target\test-classes;C:\TOOLS\workspace\architecture_v2\architecture-ee\target\classes;C:\TOOLS\workspace\architecture_v2\architecture-common\target\architecture-common-1.0.0.RELEASE.jar;C:\Users\donghyuck\.m2\repository\javolution\javolution\5.5.1\javolution-5.5.1.jar;C:\Users\donghyuck\.m2\repository\commons-vfs\commons-vfs\1.0\commons-vfs-1.0.jar;C:\Users\donghyuck\.m2\repository\org\apache\commons\commons-math\2.2\commons-math-2.2.jar;C:\Users\donghyuck\.m2\repository\javax\servlet\servlet-api\2.5\servlet-api-2.5.jar;C:\Users\donghyuck\.m2\repository\javax\servlet\jsp\jsp-api\2.0\jsp-api-2.0.jar;C:\Users\donghyuck\.m2\repository\aopalliance\aopalliance\1.0\aopalliance-1.0.jar;C:\Users\donghyuck\.m2\repository\com\google\collections\google-collections\1.0\google-collections-1.0.jar;C:\Users\donghyuck\.m2\repository\dom4j\dom4j\1.6.1\dom4j-1.6.1.jar;C:\Users\donghyuck\.m2\repository\xml-apis\xml-apis\1.0.b2\xml-apis-1.0.b2.jar;C:\Users\donghyuck\.m2\repository\commons-io\commons-io\2.0.1\commons-io-2.0.1.jar;C:\Users\donghyuck\.m2\repository\net\sf\jpf\jpf\1.5\jpf-1.5.jar;C:\Users\donghyuck\.m2\repository\net\sf\ehcache\ehcache-core\2.4.2\ehcache-core-2.4.2.jar;C:\Users\donghyuck\.m2\repository\net\sf\ehcache\ehcache-terracotta\2.4.2\ehcache-terracotta-2.4.2.jar;C:\Users\donghyuck\.m2\repository\commons-collections\commons-collections\3.2.1\commons-collections-3.2.1.jar;C:\Users\donghyuck\.m2\repository\org\springframework\spring-jdbc\3.0.5.RELEASE\spring-jdbc-3.0.5.RELEASE.jar;C:\Users\donghyuck\.m2\repository\org\springframework\spring-beans\3.0.5.RELEASE\spring-beans-3.0.5.RELEASE.jar;C:\Users\donghyuck\.m2\repository\org\springframework\spring-core\3.0.5.RELEASE\spring-core-3.0.5.RELEASE.jar;C:\Users\donghyuck\.m2\repository\org\springframework\spring-tx\3.0.5.RELEASE\spring-tx-3.0.5.RELEASE.jar;C:\Users\donghyuck\.m2\repository\org\springframework\spring-web\3.0.5.RELEASE\spring-web-3.0.5.RELEASE.jar;C:\Users\donghyuck\.m2\repository\org\springframework\spring-context\3.0.5.RELEASE\spring-context-3.0.5.RELEASE.jar;C:\Users\donghyuck\.m2\repository\org\springframework\spring-webmvc\3.0.5.RELEASE\spring-webmvc-3.0.5.RELEASE.jar;C:\Users\donghyuck\.m2\repository\org\springframework\spring-asm\3.0.5.RELEASE\spring-asm-3.0.5.RELEASE.jar;C:\Users\donghyuck\.m2\repository\org\springframework\spring-context-support\3.0.5.RELEASE\spring-context-support-3.0.5.RELEASE.jar;C:\Users\donghyuck\.m2\repository\org\springframework\spring-expression\3.0.5.RELEASE\spring-expression-3.0.5.RELEASE.jar;C:\Users\donghyuck\.m2\repository\commons-primitives\commons-primitives\1.0\commons-primitives-1.0.jar;C:\Users\donghyuck\.m2\repository\log4j\log4j\1.2.14\log4j-1.2.14.jar;C:\Users\donghyuck\.m2\repository\junit\junit\4.8.2\junit-4.8.2.jar;C:\Users\donghyuck\.m2\repository\org\springframework\spring-mock\1.2.6\spring-mock-1.2.6.jar;C:\Users\donghyuck\.m2\repository\org\quartz-scheduler\quartz\2.0.1\quartz-2.0.1.jar;C:\Users\donghyuck\.m2\repository\javax\transaction\jta\1.1\jta-1.1.jar;C:\Users\donghyuck\.m2\repository\c3p0\c3p0\0.9.1.1\c3p0-0.9.1.1.jar;C:\Users\donghyuck\.m2\repository\org\slf4j\slf4j-api\1.6.1\slf4j-api-1.6.1.jar;C:\Users\donghyuck\.m2\repository\org\apache\poi\poi\3.8-beta2\poi-3.8-beta2.jar;C:\Users\donghyuck\.m2\repository\commons-dbcp\commons-dbcp\1.4\commons-dbcp-1.4.jar;C:\Users\donghyuck\.m2\repository\commons-pool\commons-pool\1.5.4\commons-pool-1.5.4.jar;C:\Users\donghyuck\.m2\repository\com\oracle\ojdbc5\11.1.0\ojdbc5-11.1.0.jar;C:\Users\donghyuck\.m2\repository\org\freemarker\freemarker\2.3.18\freemarker-2.3.18.jar;C:\Users\donghyuck\.m2\repository\org\springframework\security\spring-security-core\3.0.5.RELEASE\spring-security-core-3.0.5.RELEASE.jar;C:\Users\donghyuck\.m2\repository\org\springframework\spring-aop\3.0.3.RELEASE\spring-aop-3.0.3.RELEASE.jar;C:\Users\donghyuck\.m2\repository\org\aspectj\aspectjrt\1.6.8\aspectjrt-1.6.8.jar;C:\Users\donghyuck\.m2\repository\org\aspectj\aspectjweaver\1.6.8\aspectjweaver-1.6.8.jar;C:\Users\donghyuck\.m2\repository\org\springframework\security\spring-security-config\3.0.5.RELEASE\spring-security-config-3.0.5.RELEASE.jar;C:\Users\donghyuck\.m2\repository\org\springframework\security\spring-security-web\3.0.5.RELEASE\spring-security-web-3.0.5.RELEASE.jar;C:\Users\donghyuck\.m2\repository\org\springframework\security\spring-security-acl\3.0.5.RELEASE\spring-security-acl-3.0.5.RELEASE.jar;C:\Users\donghyuck\.m2\repository\commons-logging\commons-logging\1.1.1\commons-logging-1.1.1.jar;C:\Users\donghyuck\.m2\repository\commons-lang\commons-lang\2.5\commons-lang-2.5.jar;"/>
    <property name="java.vm.specification.version" value="1.0"/>
    <property name="sun.arch.data.model" value="64"/>
    <property name="java.home" value="C:\Program Files\Java\jdk1.6.0_25\jre"/>
    <property name="sun.java.command" value="C:\Users\DONGHY~1\AppData\Local\Temp\surefirebooter7560736478641112965.jar C:\Users\DONGHY~1\AppData\Local\Temp\surefire4298204990273473275tmp C:\Users\DONGHY~1\AppData\Local\Temp\surefire3596383080856337901tmp"/>
    <property name="java.specification.vendor" value="Sun Microsystems Inc."/>
    <property name="user.language" value="ko"/>
    <property name="awt.toolkit" value="sun.awt.windows.WToolkit"/>
    <property name="java.vm.info" value="mixed mode"/>
    <property name="java.version" value="1.6.0_25"/>
    <property name="java.ext.dirs" value="C:\Program Files\Java\jdk1.6.0_25\jre\lib\ext;C:\windows\Sun\Java\lib\ext"/>
    <property name="sun.boot.class.path" value="C:\Program Files\Java\jdk1.6.0_25\jre\lib\resources.jar;C:\Program Files\Java\jdk1.6.0_25\jre\lib\rt.jar;C:\Program Files\Java\jdk1.6.0_25\jre\lib\sunrsasign.jar;C:\Program Files\Java\jdk1.6.0_25\jre\lib\jsse.jar;C:\Program Files\Java\jdk1.6.0_25\jre\lib\jce.jar;C:\Program Files\Java\jdk1.6.0_25\jre\lib\charsets.jar;C:\Program Files\Java\jdk1.6.0_25\jre\lib\modules\jdk.boot.jar;C:\Program Files\Java\jdk1.6.0_25\jre\classes"/>
    <property name="java.vendor" value="Sun Microsystems Inc."/>
    <property name="localRepository" value="C:\Users\donghyuck\.m2\repository"/>
    <property name="file.separator" value="\"/>
    <property name="java.vendor.url.bug" value="http://java.sun.com/cgi-bin/bugreport.cgi"/>
    <property name="sun.cpu.endian" value="little"/>
    <property name="sun.io.unicode.encoding" value="UnicodeLittle"/>
    <property name="sun.desktop" value="windows"/>
    <property name="sun.cpu.isalist" value="amd64"/>
  </properties>
  <testcase time="0" classname="architecture.ee.test.TestAdminService" name="test"/>
</testsuite>